{
  "RSpec": {
    "coverage": {
      "/Users/tomho/Team-JTstream/dbc_mentor/app/helpers/application_helper.rb": [
        1,
        null
      ],
      "/Users/tomho/Team-JTstream/dbc_mentor/app/controllers/appointments_controller.rb": [
        1,
        1,
        null,
        null,
        1,
        8,
        2,
        null,
        2,
        2,
        null,
        0,
        null,
        null,
        2,
        2,
        2,
        2,
        null,
        null,
        null,
        null,
        null
      ],
      "/Users/tomho/Team-JTstream/dbc_mentor/app/controllers/application_controller.rb": [
        1,
        1,
        null
      ],
      "/Users/tomho/Team-JTstream/dbc_mentor/app/models/user.rb": [
        1,
        1,
        null,
        1,
        1,
        null,
        null
      ],
      "/Users/tomho/Team-JTstream/dbc_mentor/app/models/student.rb": [
        1,
        null,
        null,
        null,
        null
      ],
      "/Users/tomho/Team-JTstream/dbc_mentor/app/models/appointment.rb": [
        1,
        1,
        null,
        1,
        null
      ]
    },
    "timestamp": 1472181675
  }
}
