{
  "RSpec": {
    "coverage": {
      "/Users/apprentice/Team-JTstream/dbc_mentor/app/controllers/sessions_controller.rb": [
        1,
        1,
        null,
        null,
        1,
        2,
        2,
        1,
        1,
        null,
        1,
        1,
        null,
        null,
        null,
        1,
        1,
        1,
        null,
        null
      ],
      "/Users/apprentice/Team-JTstream/dbc_mentor/app/controllers/application_controller.rb": [
        1,
        1,
        null,
        1,
        null,
        1,
        null,
        1,
        0,
        null,
        null
      ],
      "/Users/apprentice/Team-JTstream/dbc_mentor/spec/controllers/users_controller_spec.rb": [
        1,
        null,
        1,
        14,
        null,
        1,
        1,
        1,
        1,
        null,
        null,
        1,
        1,
        1,
        null,
        null,
        1,
        1,
        1,
        null,
        null,
        null,
        1,
        1,
        1,
        1,
        1,
        null,
        null,
        1,
        2,
        null,
        null,
        1,
        1,
        1,
        null,
        null,
        1,
        1,
        1,
        null,
        null,
        1,
        1,
        1,
        null,
        null,
        1,
        1,
        1,
        null,
        null,
        null,
        1,
        1,
        1,
        1,
        null,
        null,
        1,
        2,
        null,
        null,
        1,
        1,
        1,
        null,
        null,
        1,
        1,
        1,
        null,
        null,
        null,
        null
      ],
      "/Users/apprentice/Team-JTstream/dbc_mentor/app/controllers/users_controller.rb": [
        1,
        null,
        1,
        3,
        null,
        null,
        1,
        null,
        null,
        null
      ],
      "/Users/apprentice/Team-JTstream/dbc_mentor/app/models/user.rb": [
        1,
        null,
        1,
        1,
        null,
        null
      ],
      "/Users/apprentice/Team-JTstream/dbc_mentor/app/models/mentor.rb": [
        1,
        null,
        null,
        null
      ]
    },
    "timestamp": 1472165160
  }
}
